mode: set
github.com/saurabhjambhule/cs733/assignment2/raft_dt.go:123.54,123.56 0 0
github.com/saurabhjambhule/cs733/assignment2/raft_dt.go:124.54,124.56 0 0
github.com/saurabhjambhule/cs733/assignment2/raft_dt.go:125.54,125.56 0 0
github.com/saurabhjambhule/cs733/assignment2/raft_dt.go:126.54,126.56 0 0
github.com/saurabhjambhule/cs733/assignment2/raft_dt.go:127.54,127.56 0 0
github.com/saurabhjambhule/cs733/assignment2/raft_dt.go:128.54,128.56 0 0
github.com/saurabhjambhule/cs733/assignment2/raft_dt.go:129.54,129.56 0 0
github.com/saurabhjambhule/cs733/assignment2/raft_dt.go:130.54,130.56 0 0
github.com/saurabhjambhule/cs733/assignment2/raft_dt.go:131.54,131.56 0 0
github.com/saurabhjambhule/cs733/assignment2/raft_dt.go:132.54,132.56 0 0
github.com/saurabhjambhule/cs733/assignment2/raft_dt.go:133.54,133.56 0 0
github.com/saurabhjambhule/cs733/assignment2/raft_dt.go:134.54,134.56 0 0
github.com/saurabhjambhule/cs733/assignment2/raft_dt.go:135.54,135.56 0 0
github.com/saurabhjambhule/cs733/assignment2/raft_sm.go:14.36,20.2 4 1
github.com/saurabhjambhule/cs733/assignment2/raft_sm.go:23.36,34.26 8 1
github.com/saurabhjambhule/cs733/assignment2/raft_sm.go:40.2,41.19 2 1
github.com/saurabhjambhule/cs733/assignment2/raft_sm.go:34.26,38.3 3 1
github.com/saurabhjambhule/cs733/assignment2/raft_sm.go:45.36,56.2 7 1
github.com/saurabhjambhule/cs733/assignment2/raft_sm.go:59.41,61.9 2 1
github.com/saurabhjambhule/cs733/assignment2/raft_sm.go:63.2,65.17 2 1
github.com/saurabhjambhule/cs733/assignment2/raft_sm.go:68.2,70.25 1 1
github.com/saurabhjambhule/cs733/assignment2/raft_sm.go:86.2,88.20 1 1
github.com/saurabhjambhule/cs733/assignment2/raft_sm.go:71.3,73.16 2 1
github.com/saurabhjambhule/cs733/assignment2/raft_sm.go:74.3,76.16 2 1
github.com/saurabhjambhule/cs733/assignment2/raft_sm.go:77.3,79.16 2 1
github.com/saurabhjambhule/cs733/assignment2/raft_sm.go:80.3,82.16 2 1
github.com/saurabhjambhule/cs733/assignment2/raft_sm.go:89.3,91.16 1 1
github.com/saurabhjambhule/cs733/assignment2/raft_sm.go:93.3,95.16 1 1
github.com/saurabhjambhule/cs733/assignment2/raft_sm.go:97.3,101.20 3 1
github.com/saurabhjambhule/cs733/assignment2/raft_sm.go:108.50,109.19 1 1
github.com/saurabhjambhule/cs733/assignment2/raft_sm.go:190.2,190.8 1 1
github.com/saurabhjambhule/cs733/assignment2/raft_sm.go:111.2,113.27 1 1
github.com/saurabhjambhule/cs733/assignment2/raft_sm.go:129.3,129.70 1 1
github.com/saurabhjambhule/cs733/assignment2/raft_sm.go:137.3,137.31 1 1
github.com/saurabhjambhule/cs733/assignment2/raft_sm.go:144.3,144.151 1 1
github.com/saurabhjambhule/cs733/assignment2/raft_sm.go:152.3,162.20 7 1
github.com/saurabhjambhule/cs733/assignment2/raft_sm.go:164.2,166.33 1 1
github.com/saurabhjambhule/cs733/assignment2/raft_sm.go:174.3,175.19 2 1
github.com/saurabhjambhule/cs733/assignment2/raft_sm.go:177.2,179.32 1 1
github.com/saurabhjambhule/cs733/assignment2/raft_sm.go:187.3,188.19 2 1
github.com/saurabhjambhule/cs733/assignment2/raft_sm.go:113.27,114.45 1 1
github.com/saurabhjambhule/cs733/assignment2/raft_sm.go:119.4,126.10 6 1
github.com/saurabhjambhule/cs733/assignment2/raft_sm.go:114.45,117.5 2 1
github.com/saurabhjambhule/cs733/assignment2/raft_sm.go:129.70,135.4 5 1
github.com/saurabhjambhule/cs733/assignment2/raft_sm.go:137.31,142.4 3 1
github.com/saurabhjambhule/cs733/assignment2/raft_sm.go:144.151,150.4 5 1
github.com/saurabhjambhule/cs733/assignment2/raft_sm.go:166.33,172.4 5 1
github.com/saurabhjambhule/cs733/assignment2/raft_sm.go:179.32,185.4 5 1
github.com/saurabhjambhule/cs733/assignment2/raft_sm.go:194.51,195.19 1 1
github.com/saurabhjambhule/cs733/assignment2/raft_sm.go:196.2,198.26 1 1
github.com/saurabhjambhule/cs733/assignment2/raft_sm.go:203.3,203.27 1 1
github.com/saurabhjambhule/cs733/assignment2/raft_sm.go:198.26,201.4 2 1
github.com/saurabhjambhule/cs733/assignment2/raft_sm.go:203.27,212.4 7 1
github.com/saurabhjambhule/cs733/assignment2/raft_sm.go:217.47,218.19 1 1
github.com/saurabhjambhule/cs733/assignment2/raft_sm.go:219.2,221.87 1 1
github.com/saurabhjambhule/cs733/assignment2/raft_sm.go:227.3,230.19 4 1
github.com/saurabhjambhule/cs733/assignment2/raft_sm.go:232.2,235.19 2 1
github.com/saurabhjambhule/cs733/assignment2/raft_sm.go:238.2,239.32 1 1
github.com/saurabhjambhule/cs733/assignment2/raft_sm.go:244.3,244.32 1 1
github.com/saurabhjambhule/cs733/assignment2/raft_sm.go:221.87,225.4 3 1
github.com/saurabhjambhule/cs733/assignment2/raft_sm.go:239.32,242.4 2 1
github.com/saurabhjambhule/cs733/assignment2/raft_sm.go:244.32,249.4 4 1
github.com/saurabhjambhule/cs733/assignment2/raft_sm.go:254.48,255.19 1 1
github.com/saurabhjambhule/cs733/assignment2/raft_sm.go:256.2,258.31 1 1
github.com/saurabhjambhule/cs733/assignment2/raft_sm.go:262.3,262.32 1 1
github.com/saurabhjambhule/cs733/assignment2/raft_sm.go:270.3,270.27 1 1
github.com/saurabhjambhule/cs733/assignment2/raft_sm.go:275.3,275.27 1 1
github.com/saurabhjambhule/cs733/assignment2/raft_sm.go:280.3,280.51 1 1
github.com/saurabhjambhule/cs733/assignment2/raft_sm.go:258.31,260.4 1 1
github.com/saurabhjambhule/cs733/assignment2/raft_sm.go:262.32,264.33 2 1
github.com/saurabhjambhule/cs733/assignment2/raft_sm.go:264.33,267.5 2 1
github.com/saurabhjambhule/cs733/assignment2/raft_sm.go:270.27,273.4 2 1
github.com/saurabhjambhule/cs733/assignment2/raft_sm.go:275.27,278.4 2 1
github.com/saurabhjambhule/cs733/assignment2/raft_sm.go:280.51,283.4 2 1
github.com/saurabhjambhule/cs733/assignment2/raft_sm.go:288.45,289.19 1 1
github.com/saurabhjambhule/cs733/assignment2/raft_sm.go:290.2,293.19 2 1
github.com/saurabhjambhule/cs733/assignment2/raft_sm.go:295.2,298.19 2 1
github.com/saurabhjambhule/cs733/assignment2/raft_sm.go:300.2,312.20 10 1
github.com/saurabhjambhule/cs733/assignment2/raft_sm.go:317.38,318.50 1 1
github.com/saurabhjambhule/cs733/assignment2/raft_sm.go:318.50,319.40 1 1
github.com/saurabhjambhule/cs733/assignment2/raft_sm.go:322.3,323.26 2 1
github.com/saurabhjambhule/cs733/assignment2/raft_sm.go:328.3,328.17 1 1
github.com/saurabhjambhule/cs733/assignment2/raft_sm.go:319.40,320.12 1 1
github.com/saurabhjambhule/cs733/assignment2/raft_sm.go:323.26,324.29 1 1
github.com/saurabhjambhule/cs733/assignment2/raft_sm.go:324.29,326.5 1 1
github.com/saurabhjambhule/cs733/assignment2/raft_sm.go:328.17,330.9 2 1
github.com/saurabhjambhule/cs733/assignment2/raft_sm.go:347.90,348.39 1 1
github.com/saurabhjambhule/cs733/assignment2/raft_sm.go:353.2,353.22 1 1
github.com/saurabhjambhule/cs733/assignment2/raft_sm.go:348.39,352.3 3 1
github.com/saurabhjambhule/cs733/assignment2/raft_sm.go:357.39,358.25 1 1
github.com/saurabhjambhule/cs733/assignment2/raft_sm.go:358.25,361.3 2 1
