mode: set
github.com/saurabhjambhule/cs733/assignment2/raft_dt.go:123.54,123.56 0 0
github.com/saurabhjambhule/cs733/assignment2/raft_dt.go:124.54,124.56 0 0
github.com/saurabhjambhule/cs733/assignment2/raft_dt.go:125.54,125.56 0 0
github.com/saurabhjambhule/cs733/assignment2/raft_dt.go:126.54,126.56 0 0
github.com/saurabhjambhule/cs733/assignment2/raft_dt.go:127.54,127.56 0 0
github.com/saurabhjambhule/cs733/assignment2/raft_dt.go:128.54,128.56 0 0
github.com/saurabhjambhule/cs733/assignment2/raft_dt.go:129.54,129.56 0 0
github.com/saurabhjambhule/cs733/assignment2/raft_dt.go:130.54,130.56 0 0
github.com/saurabhjambhule/cs733/assignment2/raft_dt.go:131.54,131.56 0 0
github.com/saurabhjambhule/cs733/assignment2/raft_dt.go:132.54,132.56 0 0
github.com/saurabhjambhule/cs733/assignment2/raft_dt.go:133.54,133.56 0 0
github.com/saurabhjambhule/cs733/assignment2/raft_dt.go:134.54,134.56 0 0
github.com/saurabhjambhule/cs733/assignment2/raft_dt.go:135.54,135.56 0 0
github.com/saurabhjambhule/cs733/assignment2/raft_sm.go:13.36,19.2 4 1
github.com/saurabhjambhule/cs733/assignment2/raft_sm.go:22.36,35.2 9 1
github.com/saurabhjambhule/cs733/assignment2/raft_sm.go:38.36,49.2 7 1
github.com/saurabhjambhule/cs733/assignment2/raft_sm.go:52.41,54.9 2 1
github.com/saurabhjambhule/cs733/assignment2/raft_sm.go:56.2,58.17 2 1
github.com/saurabhjambhule/cs733/assignment2/raft_sm.go:61.2,63.25 1 1
github.com/saurabhjambhule/cs733/assignment2/raft_sm.go:79.2,81.20 1 1
github.com/saurabhjambhule/cs733/assignment2/raft_sm.go:64.3,66.16 2 1
github.com/saurabhjambhule/cs733/assignment2/raft_sm.go:67.3,69.16 2 1
github.com/saurabhjambhule/cs733/assignment2/raft_sm.go:70.3,72.16 2 1
github.com/saurabhjambhule/cs733/assignment2/raft_sm.go:73.3,75.16 2 1
github.com/saurabhjambhule/cs733/assignment2/raft_sm.go:82.3,84.16 1 1
github.com/saurabhjambhule/cs733/assignment2/raft_sm.go:86.3,88.16 1 1
github.com/saurabhjambhule/cs733/assignment2/raft_sm.go:90.3,94.20 3 1
github.com/saurabhjambhule/cs733/assignment2/raft_sm.go:101.50,102.19 1 1
github.com/saurabhjambhule/cs733/assignment2/raft_sm.go:174.2,174.8 1 1
github.com/saurabhjambhule/cs733/assignment2/raft_sm.go:103.2,105.27 1 1
github.com/saurabhjambhule/cs733/assignment2/raft_sm.go:120.3,120.70 1 1
github.com/saurabhjambhule/cs733/assignment2/raft_sm.go:127.3,127.31 1 1
github.com/saurabhjambhule/cs733/assignment2/raft_sm.go:132.3,132.151 1 1
github.com/saurabhjambhule/cs733/assignment2/raft_sm.go:139.3,139.35 1 1
github.com/saurabhjambhule/cs733/assignment2/raft_sm.go:144.3,150.20 6 1
github.com/saurabhjambhule/cs733/assignment2/raft_sm.go:152.2,153.33 1 1
github.com/saurabhjambhule/cs733/assignment2/raft_sm.go:160.3,161.19 2 1
github.com/saurabhjambhule/cs733/assignment2/raft_sm.go:163.2,164.32 1 1
github.com/saurabhjambhule/cs733/assignment2/raft_sm.go:171.3,172.19 2 1
github.com/saurabhjambhule/cs733/assignment2/raft_sm.go:105.27,106.45 1 1
github.com/saurabhjambhule/cs733/assignment2/raft_sm.go:111.4,118.10 6 1
github.com/saurabhjambhule/cs733/assignment2/raft_sm.go:106.45,109.5 2 1
github.com/saurabhjambhule/cs733/assignment2/raft_sm.go:120.70,126.4 5 1
github.com/saurabhjambhule/cs733/assignment2/raft_sm.go:127.31,131.4 3 1
github.com/saurabhjambhule/cs733/assignment2/raft_sm.go:132.151,138.4 5 1
github.com/saurabhjambhule/cs733/assignment2/raft_sm.go:139.35,141.4 1 0
github.com/saurabhjambhule/cs733/assignment2/raft_sm.go:141.4,143.4 1 1
github.com/saurabhjambhule/cs733/assignment2/raft_sm.go:153.33,159.4 5 1
github.com/saurabhjambhule/cs733/assignment2/raft_sm.go:164.32,170.4 5 1
github.com/saurabhjambhule/cs733/assignment2/raft_sm.go:178.51,179.19 1 1
github.com/saurabhjambhule/cs733/assignment2/raft_sm.go:180.2,181.26 1 1
github.com/saurabhjambhule/cs733/assignment2/raft_sm.go:187.3,187.27 1 1
github.com/saurabhjambhule/cs733/assignment2/raft_sm.go:181.26,186.4 2 1
github.com/saurabhjambhule/cs733/assignment2/raft_sm.go:187.27,196.4 7 1
github.com/saurabhjambhule/cs733/assignment2/raft_sm.go:201.47,202.19 1 1
github.com/saurabhjambhule/cs733/assignment2/raft_sm.go:203.2,204.88 1 1
github.com/saurabhjambhule/cs733/assignment2/raft_sm.go:209.3,212.19 4 1
github.com/saurabhjambhule/cs733/assignment2/raft_sm.go:214.2,216.19 2 1
github.com/saurabhjambhule/cs733/assignment2/raft_sm.go:218.2,219.32 1 1
github.com/saurabhjambhule/cs733/assignment2/raft_sm.go:223.3,223.32 1 1
github.com/saurabhjambhule/cs733/assignment2/raft_sm.go:204.88,208.4 3 1
github.com/saurabhjambhule/cs733/assignment2/raft_sm.go:219.32,222.4 2 1
github.com/saurabhjambhule/cs733/assignment2/raft_sm.go:223.32,228.4 4 1
github.com/saurabhjambhule/cs733/assignment2/raft_sm.go:233.48,234.19 1 1
github.com/saurabhjambhule/cs733/assignment2/raft_sm.go:235.2,237.31 1 1
github.com/saurabhjambhule/cs733/assignment2/raft_sm.go:241.3,241.32 1 1
github.com/saurabhjambhule/cs733/assignment2/raft_sm.go:249.3,249.27 1 1
github.com/saurabhjambhule/cs733/assignment2/raft_sm.go:254.3,254.27 1 1
github.com/saurabhjambhule/cs733/assignment2/raft_sm.go:259.3,259.51 1 1
github.com/saurabhjambhule/cs733/assignment2/raft_sm.go:237.31,239.4 1 1
github.com/saurabhjambhule/cs733/assignment2/raft_sm.go:241.32,243.33 2 1
github.com/saurabhjambhule/cs733/assignment2/raft_sm.go:243.33,246.5 2 0
github.com/saurabhjambhule/cs733/assignment2/raft_sm.go:249.27,252.4 2 1
github.com/saurabhjambhule/cs733/assignment2/raft_sm.go:254.27,257.4 2 1
github.com/saurabhjambhule/cs733/assignment2/raft_sm.go:259.51,262.4 2 1
github.com/saurabhjambhule/cs733/assignment2/raft_sm.go:267.45,268.19 1 1
github.com/saurabhjambhule/cs733/assignment2/raft_sm.go:269.2,271.19 2 1
github.com/saurabhjambhule/cs733/assignment2/raft_sm.go:273.2,275.19 2 1
github.com/saurabhjambhule/cs733/assignment2/raft_sm.go:277.2,287.20 10 1
github.com/saurabhjambhule/cs733/assignment2/raft_sm.go:292.38,293.50 1 1
github.com/saurabhjambhule/cs733/assignment2/raft_sm.go:293.50,294.40 1 1
github.com/saurabhjambhule/cs733/assignment2/raft_sm.go:297.3,298.26 2 1
github.com/saurabhjambhule/cs733/assignment2/raft_sm.go:303.3,303.17 1 1
github.com/saurabhjambhule/cs733/assignment2/raft_sm.go:294.40,295.12 1 1
github.com/saurabhjambhule/cs733/assignment2/raft_sm.go:298.26,299.29 1 1
github.com/saurabhjambhule/cs733/assignment2/raft_sm.go:299.29,301.5 1 1
github.com/saurabhjambhule/cs733/assignment2/raft_sm.go:303.17,305.9 2 1
github.com/saurabhjambhule/cs733/assignment2/raft_sm.go:322.90,323.39 1 1
github.com/saurabhjambhule/cs733/assignment2/raft_sm.go:328.2,328.22 1 1
github.com/saurabhjambhule/cs733/assignment2/raft_sm.go:323.39,327.3 3 1
github.com/saurabhjambhule/cs733/assignment2/raft_sm.go:332.39,333.25 1 1
github.com/saurabhjambhule/cs733/assignment2/raft_sm.go:333.25,336.3 2 1
