mode: set
github.com/saurabhjambhule/cs733/assignment3/raft_dt.go:194.54,194.56 0 0
github.com/saurabhjambhule/cs733/assignment3/raft_dt.go:195.54,195.56 0 0
github.com/saurabhjambhule/cs733/assignment3/raft_dt.go:196.54,196.56 0 0
github.com/saurabhjambhule/cs733/assignment3/raft_dt.go:197.54,197.56 0 0
github.com/saurabhjambhule/cs733/assignment3/raft_dt.go:198.54,198.56 0 0
github.com/saurabhjambhule/cs733/assignment3/raft_dt.go:199.54,199.56 0 0
github.com/saurabhjambhule/cs733/assignment3/raft_dt.go:200.54,200.56 0 0
github.com/saurabhjambhule/cs733/assignment3/raft_dt.go:201.54,201.56 0 0
github.com/saurabhjambhule/cs733/assignment3/raft_dt.go:202.54,202.56 0 0
github.com/saurabhjambhule/cs733/assignment3/raft_dt.go:203.54,203.56 0 0
github.com/saurabhjambhule/cs733/assignment3/raft_dt.go:204.54,204.56 0 0
github.com/saurabhjambhule/cs733/assignment3/raft_dt.go:205.54,205.56 0 0
github.com/saurabhjambhule/cs733/assignment3/raft_dt.go:206.54,206.56 0 0
github.com/saurabhjambhule/cs733/assignment3/raft_node.go:17.35,18.29 1 0
github.com/saurabhjambhule/cs733/assignment3/raft_node.go:23.2,23.11 1 0
github.com/saurabhjambhule/cs733/assignment3/raft_node.go:18.29,19.42 1 0
github.com/saurabhjambhule/cs733/assignment3/raft_node.go:19.42,21.4 1 0
github.com/saurabhjambhule/cs733/assignment3/raft_node.go:27.36,28.6 1 1
github.com/saurabhjambhule/cs733/assignment3/raft_node.go:36.2,36.11 1 0
github.com/saurabhjambhule/cs733/assignment3/raft_node.go:28.6,30.30 2 1
github.com/saurabhjambhule/cs733/assignment3/raft_node.go:30.30,31.43 1 1
github.com/saurabhjambhule/cs733/assignment3/raft_node.go:31.43,33.5 1 1
github.com/saurabhjambhule/cs733/assignment3/raft_node.go:40.38,42.2 1 0
github.com/saurabhjambhule/cs733/assignment3/raft_node.go:45.49,48.2 2 1
github.com/saurabhjambhule/cs733/assignment3/raft_node.go:51.78,53.6 2 1
github.com/saurabhjambhule/cs733/assignment3/raft_node.go:97.2,97.26 1 0
github.com/saurabhjambhule/cs733/assignment3/raft_node.go:53.6,54.10 1 1
github.com/saurabhjambhule/cs733/assignment3/raft_node.go:55.3,56.23 1 1
github.com/saurabhjambhule/cs733/assignment3/raft_node.go:57.4,59.35 2 1
github.com/saurabhjambhule/cs733/assignment3/raft_node.go:61.4,65.20 3 1
github.com/saurabhjambhule/cs733/assignment3/raft_node.go:71.5,71.20 1 1
github.com/saurabhjambhule/cs733/assignment3/raft_node.go:78.5,78.20 1 1
github.com/saurabhjambhule/cs733/assignment3/raft_node.go:86.4,86.16 0 0
github.com/saurabhjambhule/cs733/assignment3/raft_node.go:88.4,91.32 2 1
github.com/saurabhjambhule/cs733/assignment3/raft_node.go:93.4,93.20 0 0
github.com/saurabhjambhule/cs733/assignment3/raft_node.go:65.20,66.81 1 1
github.com/saurabhjambhule/cs733/assignment3/raft_node.go:66.81,69.7 2 1
github.com/saurabhjambhule/cs733/assignment3/raft_node.go:71.20,73.98 2 1
github.com/saurabhjambhule/cs733/assignment3/raft_node.go:73.98,76.7 2 1
github.com/saurabhjambhule/cs733/assignment3/raft_node.go:78.20,80.98 2 1
github.com/saurabhjambhule/cs733/assignment3/raft_node.go:80.98,83.7 2 1
github.com/saurabhjambhule/cs733/assignment3/raft_node.go:101.61,102.6 1 1
github.com/saurabhjambhule/cs733/assignment3/raft_node.go:102.6,104.25 2 1
github.com/saurabhjambhule/cs733/assignment3/raft_node.go:105.3,106.34 1 1
github.com/saurabhjambhule/cs733/assignment3/raft_node.go:107.3,108.34 1 1
github.com/saurabhjambhule/cs733/assignment3/raft_node.go:109.3,110.34 1 1
github.com/saurabhjambhule/cs733/assignment3/raft_node.go:111.3,112.34 1 1
github.com/saurabhjambhule/cs733/assignment3/raft_node.go:118.72,120.21 1 1
github.com/saurabhjambhule/cs733/assignment3/raft_node.go:120.21,121.27 1 1
github.com/saurabhjambhule/cs733/assignment3/raft_node.go:122.3,124.88 2 1
github.com/saurabhjambhule/cs733/assignment3/raft_node.go:125.3,127.87 2 1
github.com/saurabhjambhule/cs733/assignment3/raft_node.go:129.3,131.27 1 1
github.com/saurabhjambhule/cs733/assignment3/raft_node.go:132.3,134.86 2 1
github.com/saurabhjambhule/cs733/assignment3/raft_node.go:135.3,138.87 3 1
github.com/saurabhjambhule/cs733/assignment3/raft_node.go:139.3,141.86 2 1
github.com/saurabhjambhule/cs733/assignment3/raft_node.go:147.47,148.33 1 1
github.com/saurabhjambhule/cs733/assignment3/raft_node.go:148.33,150.17 2 1
github.com/saurabhjambhule/cs733/assignment3/raft_node.go:150.17,152.4 1 0
github.com/saurabhjambhule/cs733/assignment3/raft_node.go:157.42,162.16 5 1
github.com/saurabhjambhule/cs733/assignment3/raft_node.go:166.2,168.35 2 1
github.com/saurabhjambhule/cs733/assignment3/raft_node.go:177.2,177.16 1 1
github.com/saurabhjambhule/cs733/assignment3/raft_node.go:162.16,164.3 1 0
github.com/saurabhjambhule/cs733/assignment3/raft_node.go:168.35,169.21 1 1
github.com/saurabhjambhule/cs733/assignment3/raft_node.go:169.21,175.4 5 1
github.com/saurabhjambhule/cs733/assignment3/raft_node.go:177.16,179.3 1 0
github.com/saurabhjambhule/cs733/assignment3/raft_node.go:182.88,189.2 3 1
github.com/saurabhjambhule/cs733/assignment3/raft_node.go:191.62,195.16 3 1
github.com/saurabhjambhule/cs733/assignment3/raft_node.go:198.2,199.33 2 1
github.com/saurabhjambhule/cs733/assignment3/raft_node.go:216.2,216.19 1 1
github.com/saurabhjambhule/cs733/assignment3/raft_node.go:195.16,196.13 1 0
github.com/saurabhjambhule/cs733/assignment3/raft_node.go:199.33,215.3 10 1
github.com/saurabhjambhule/cs733/assignment3/raft_node.go:219.99,242.16 16 1
github.com/saurabhjambhule/cs733/assignment3/raft_node.go:247.2,249.16 3 1
github.com/saurabhjambhule/cs733/assignment3/raft_node.go:254.2,254.42 1 1
github.com/saurabhjambhule/cs733/assignment3/raft_node.go:255.2,255.15 1 1
github.com/saurabhjambhule/cs733/assignment3/raft_node.go:242.16,243.13 1 0
github.com/saurabhjambhule/cs733/assignment3/raft_node.go:249.16,250.13 1 0
github.com/saurabhjambhule/cs733/assignment3/raft_node.go:254.42,254.44 0 1
github.com/saurabhjambhule/cs733/assignment3/raft_sm.go:16.36,17.23 1 1
github.com/saurabhjambhule/cs733/assignment3/raft_sm.go:22.2,30.19 8 1
github.com/saurabhjambhule/cs733/assignment3/raft_sm.go:17.23,19.3 1 1
github.com/saurabhjambhule/cs733/assignment3/raft_sm.go:19.3,21.3 1 1
github.com/saurabhjambhule/cs733/assignment3/raft_sm.go:34.36,45.28 9 1
github.com/saurabhjambhule/cs733/assignment3/raft_sm.go:45.28,48.3 2 1
github.com/saurabhjambhule/cs733/assignment3/raft_sm.go:48.3,52.3 2 1
github.com/saurabhjambhule/cs733/assignment3/raft_sm.go:56.36,69.28 9 1
github.com/saurabhjambhule/cs733/assignment3/raft_sm.go:69.28,72.3 2 1
github.com/saurabhjambhule/cs733/assignment3/raft_sm.go:72.3,75.3 2 0
github.com/saurabhjambhule/cs733/assignment3/raft_sm.go:79.41,81.6 2 1
github.com/saurabhjambhule/cs733/assignment3/raft_sm.go:81.6,83.10 1 1
github.com/saurabhjambhule/cs733/assignment3/raft_sm.go:86.3,88.21 1 1
github.com/saurabhjambhule/cs733/assignment3/raft_sm.go:117.3,119.18 2 1
github.com/saurabhjambhule/cs733/assignment3/raft_sm.go:122.3,124.26 1 1
github.com/saurabhjambhule/cs733/assignment3/raft_sm.go:89.4,90.17 1 1
github.com/saurabhjambhule/cs733/assignment3/raft_sm.go:92.4,94.17 1 1
github.com/saurabhjambhule/cs733/assignment3/raft_sm.go:96.4,100.31 2 1
github.com/saurabhjambhule/cs733/assignment3/raft_sm.go:100.31,107.6 4 0
github.com/saurabhjambhule/cs733/assignment3/raft_sm.go:107.6,113.6 4 1
github.com/saurabhjambhule/cs733/assignment3/raft_sm.go:125.4,127.17 2 1
github.com/saurabhjambhule/cs733/assignment3/raft_sm.go:128.4,130.17 2 1
github.com/saurabhjambhule/cs733/assignment3/raft_sm.go:131.4,133.17 2 1
github.com/saurabhjambhule/cs733/assignment3/raft_sm.go:134.4,137.17 2 1
github.com/saurabhjambhule/cs733/assignment3/raft_sm.go:146.50,149.19 1 1
github.com/saurabhjambhule/cs733/assignment3/raft_sm.go:234.2,234.8 1 1
github.com/saurabhjambhule/cs733/assignment3/raft_sm.go:151.2,154.33 1 1
github.com/saurabhjambhule/cs733/assignment3/raft_sm.go:165.3,165.100 1 1
github.com/saurabhjambhule/cs733/assignment3/raft_sm.go:177.3,177.219 1 1
github.com/saurabhjambhule/cs733/assignment3/raft_sm.go:188.3,202.112 11 1
github.com/saurabhjambhule/cs733/assignment3/raft_sm.go:204.2,206.33 1 0
github.com/saurabhjambhule/cs733/assignment3/raft_sm.go:214.3,215.33 2 0
github.com/saurabhjambhule/cs733/assignment3/raft_sm.go:217.2,219.32 1 0
github.com/saurabhjambhule/cs733/assignment3/raft_sm.go:231.3,232.33 2 0
github.com/saurabhjambhule/cs733/assignment3/raft_sm.go:154.33,161.4 5 1
github.com/saurabhjambhule/cs733/assignment3/raft_sm.go:165.100,174.4 5 1
github.com/saurabhjambhule/cs733/assignment3/raft_sm.go:177.219,185.4 5 0
github.com/saurabhjambhule/cs733/assignment3/raft_sm.go:206.33,212.4 5 0
github.com/saurabhjambhule/cs733/assignment3/raft_sm.go:219.32,220.40 1 0
github.com/saurabhjambhule/cs733/assignment3/raft_sm.go:226.4,228.10 3 0
github.com/saurabhjambhule/cs733/assignment3/raft_sm.go:220.40,225.5 4 0
github.com/saurabhjambhule/cs733/assignment3/raft_sm.go:238.51,239.19 1 1
github.com/saurabhjambhule/cs733/assignment3/raft_sm.go:240.2,242.26 1 1
github.com/saurabhjambhule/cs733/assignment3/raft_sm.go:247.3,247.27 1 1
github.com/saurabhjambhule/cs733/assignment3/raft_sm.go:264.3,264.18 1 1
github.com/saurabhjambhule/cs733/assignment3/raft_sm.go:242.26,245.4 2 1
github.com/saurabhjambhule/cs733/assignment3/raft_sm.go:247.27,248.33 1 1
github.com/saurabhjambhule/cs733/assignment3/raft_sm.go:252.4,253.16 2 1
github.com/saurabhjambhule/cs733/assignment3/raft_sm.go:256.4,262.34 5 1
github.com/saurabhjambhule/cs733/assignment3/raft_sm.go:248.33,251.5 2 0
github.com/saurabhjambhule/cs733/assignment3/raft_sm.go:253.16,255.5 1 0
github.com/saurabhjambhule/cs733/assignment3/raft_sm.go:269.47,270.19 1 1
github.com/saurabhjambhule/cs733/assignment3/raft_sm.go:271.2,273.89 1 1
github.com/saurabhjambhule/cs733/assignment3/raft_sm.go:279.3,284.34 6 1
github.com/saurabhjambhule/cs733/assignment3/raft_sm.go:286.2,287.32 1 0
github.com/saurabhjambhule/cs733/assignment3/raft_sm.go:295.3,296.33 2 0
github.com/saurabhjambhule/cs733/assignment3/raft_sm.go:298.2,300.32 1 1
github.com/saurabhjambhule/cs733/assignment3/raft_sm.go:305.3,305.32 1 1
github.com/saurabhjambhule/cs733/assignment3/raft_sm.go:273.89,277.4 3 1
github.com/saurabhjambhule/cs733/assignment3/raft_sm.go:287.32,293.4 5 0
github.com/saurabhjambhule/cs733/assignment3/raft_sm.go:300.32,303.4 2 0
github.com/saurabhjambhule/cs733/assignment3/raft_sm.go:305.32,306.40 1 1
github.com/saurabhjambhule/cs733/assignment3/raft_sm.go:312.4,313.34 2 1
github.com/saurabhjambhule/cs733/assignment3/raft_sm.go:306.40,311.5 4 0
github.com/saurabhjambhule/cs733/assignment3/raft_sm.go:319.48,320.19 1 1
github.com/saurabhjambhule/cs733/assignment3/raft_sm.go:321.2,323.31 1 1
github.com/saurabhjambhule/cs733/assignment3/raft_sm.go:327.3,327.32 1 1
github.com/saurabhjambhule/cs733/assignment3/raft_sm.go:335.3,335.29 1 1
github.com/saurabhjambhule/cs733/assignment3/raft_sm.go:340.3,340.29 1 1
github.com/saurabhjambhule/cs733/assignment3/raft_sm.go:345.3,345.51 1 1
github.com/saurabhjambhule/cs733/assignment3/raft_sm.go:323.31,325.4 1 1
github.com/saurabhjambhule/cs733/assignment3/raft_sm.go:327.32,329.33 2 1
github.com/saurabhjambhule/cs733/assignment3/raft_sm.go:329.33,332.5 2 0
github.com/saurabhjambhule/cs733/assignment3/raft_sm.go:335.29,338.4 2 1
github.com/saurabhjambhule/cs733/assignment3/raft_sm.go:340.29,343.4 2 1
github.com/saurabhjambhule/cs733/assignment3/raft_sm.go:345.51,348.4 2 0
github.com/saurabhjambhule/cs733/assignment3/raft_sm.go:353.45,354.19 1 1
github.com/saurabhjambhule/cs733/assignment3/raft_sm.go:355.2,358.33 2 0
github.com/saurabhjambhule/cs733/assignment3/raft_sm.go:360.2,363.33 2 0
github.com/saurabhjambhule/cs733/assignment3/raft_sm.go:365.2,371.29 5 1
github.com/saurabhjambhule/cs733/assignment3/raft_sm.go:377.3,385.119 7 1
github.com/saurabhjambhule/cs733/assignment3/raft_sm.go:371.29,373.4 1 1
github.com/saurabhjambhule/cs733/assignment3/raft_sm.go:373.4,376.4 2 1
github.com/saurabhjambhule/cs733/assignment3/raft_sm.go:391.39,392.51 1 1
github.com/saurabhjambhule/cs733/assignment3/raft_sm.go:392.51,393.42 1 1
github.com/saurabhjambhule/cs733/assignment3/raft_sm.go:396.3,397.30 2 1
github.com/saurabhjambhule/cs733/assignment3/raft_sm.go:402.3,402.19 1 1
github.com/saurabhjambhule/cs733/assignment3/raft_sm.go:393.42,394.12 1 0
github.com/saurabhjambhule/cs733/assignment3/raft_sm.go:397.30,398.29 1 1
github.com/saurabhjambhule/cs733/assignment3/raft_sm.go:398.29,400.5 1 1
github.com/saurabhjambhule/cs733/assignment3/raft_sm.go:402.19,404.9 2 1
github.com/saurabhjambhule/cs733/assignment3/raft_sm.go:410.96,411.41 1 1
github.com/saurabhjambhule/cs733/assignment3/raft_sm.go:420.2,420.23 1 1
github.com/saurabhjambhule/cs733/assignment3/raft_sm.go:411.41,413.29 2 1
github.com/saurabhjambhule/cs733/assignment3/raft_sm.go:418.3,418.10 1 1
github.com/saurabhjambhule/cs733/assignment3/raft_sm.go:413.29,415.4 1 1
github.com/saurabhjambhule/cs733/assignment3/raft_sm.go:415.4,417.4 1 1
github.com/saurabhjambhule/cs733/assignment3/raft_sm.go:424.39,425.29 1 1
github.com/saurabhjambhule/cs733/assignment3/raft_sm.go:425.29,428.3 2 1
